/usr/local/cuda-12.2/compat:/opt/nvidia/hpc_sdk/Linux_x86_64/23.9/math_libs/12.2/lib64:/opt/nvidia/hpc_sdk/Linux_x86_64/23.9/cuda/12.2/extras/CUPTI/lib64:/opt/nvidia/hpc_sdk/Linux_x86_64/23.9/cuda/12.2/extras/Debugger/lib64:/opt/nvidia/hpc_sdk/Linux_x86_64/23.9/cuda/12.2/nvvm/lib64:/opt/nvidia/hpc_sdk/Linux_x86_64/23.9/cuda/12.2/lib64:/opt/cray/pe/papi/7.0.1.2/lib64:/opt/cray/libfabric/1.15.2.0/lib64:/opt/cray/libfabric/1.15.2.0/lib64
/opt/nvidia/hpc_sdk/Linux_x86_64/22.7/math_libs/11.7/lib64:/opt/nvidia/hpc_sdk/Linux_x86_64/22.7/cuda/11.7/extras/CUPTI/lib64:/opt/nvidia/hpc_sdk/Linux_x86_64/22.7/cuda/11.7/extras/Debugger/lib64:/opt/nvidia/hpc_sdk/Linux_x86_64/22.7/cuda/11.7/nvvm/lib64:/opt/nvidia/hpc_sdk/Linux_x86_64/22.7/cuda/11.7/lib64:/opt/cray/pe/papi/7.0.1.2/lib64:/opt/cray/libfabric/1.15.2.0/lib64
Generating ip_config.txt...
Getting first 10.249.x.x IP address for node: nid004395
Getting first 10.249.x.x IP address for node: nid004943
Getting first 10.249.x.x IP address for node: nid005576
Getting first 10.249.x.x IP address for node: nid006994
10.249.2.101
10.249.5.219
10.249.10.166
10.249.21.187
JOBID: 30098895
Total Cores: 128
Cores per Trainer: 128
OMP Threads: 64
Numba Threads: 64
/global/homes/s/sark777/.conda/envs/dgl-dev-gpu-117/bin/python -m torch.distributed.launch --nproc_per_node=1 --nnodes=4 --node_rank=0 --master_addr=10.249.2.101 --master_port=1234 massivegnn/main.py --graph_name ogbn-products     --backend gloo     --ip_config /global/homes/s/sark777/MassiveGNN/massivegnn_logs/ogbn-products/cpu_gloo/sage/pf_0.25/0_period_0.25_fraction_0_alpha/ip_config/ip_config_ogbn-products_metis_n4_samp0_trainer1_30098895.txt --num_epochs 100 --batch_size 2000     --summary_filepath /global/homes/s/sark777/MassiveGNN/massivegnn_logs/ogbn-products/cpu_gloo/sage/pf_0.25/0_period_0.25_fraction_0_alpha/ogbn-products_metis_n4_samp0_trainer1_30098895.txt     --prefetch_fraction 0.25     --eviction_period 0     --alpha 0     --eviction False     --num_trainer_threads 64     --num_numba_threads 64     --hit_rate_flag true     --model sage
/global/homes/s/sark777/.conda/envs/dgl-dev-gpu-117/bin/python -m torch.distributed.launch --nproc_per_node=1 --nnodes=4 --node_rank=1 --master_addr=10.249.2.101 --master_port=1234 massivegnn/main.py --graph_name ogbn-products     --backend gloo     --ip_config /global/homes/s/sark777/MassiveGNN/massivegnn_logs/ogbn-products/cpu_gloo/sage/pf_0.25/0_period_0.25_fraction_0_alpha/ip_config/ip_config_ogbn-products_metis_n4_samp0_trainer1_30098895.txt --num_epochs 100 --batch_size 2000     --summary_filepath /global/homes/s/sark777/MassiveGNN/massivegnn_logs/ogbn-products/cpu_gloo/sage/pf_0.25/0_period_0.25_fraction_0_alpha/ogbn-products_metis_n4_samp0_trainer1_30098895.txt     --prefetch_fraction 0.25     --eviction_period 0     --alpha 0     --eviction False     --num_trainer_threads 64     --num_numba_threads 64     --hit_rate_flag true     --model sage
/global/homes/s/sark777/.conda/envs/dgl-dev-gpu-117/bin/python -m torch.distributed.launch --nproc_per_node=1 --nnodes=4 --node_rank=2 --master_addr=10.249.2.101 --master_port=1234 massivegnn/main.py --graph_name ogbn-products     --backend gloo     --ip_config /global/homes/s/sark777/MassiveGNN/massivegnn_logs/ogbn-products/cpu_gloo/sage/pf_0.25/0_period_0.25_fraction_0_alpha/ip_config/ip_config_ogbn-products_metis_n4_samp0_trainer1_30098895.txt --num_epochs 100 --batch_size 2000     --summary_filepath /global/homes/s/sark777/MassiveGNN/massivegnn_logs/ogbn-products/cpu_gloo/sage/pf_0.25/0_period_0.25_fraction_0_alpha/ogbn-products_metis_n4_samp0_trainer1_30098895.txt     --prefetch_fraction 0.25     --eviction_period 0     --alpha 0     --eviction False     --num_trainer_threads 64     --num_numba_threads 64     --hit_rate_flag true     --model sage
/global/homes/s/sark777/.conda/envs/dgl-dev-gpu-117/bin/python -m torch.distributed.launch --nproc_per_node=1 --nnodes=4 --node_rank=3 --master_addr=10.249.2.101 --master_port=1234 massivegnn/main.py --graph_name ogbn-products     --backend gloo     --ip_config /global/homes/s/sark777/MassiveGNN/massivegnn_logs/ogbn-products/cpu_gloo/sage/pf_0.25/0_period_0.25_fraction_0_alpha/ip_config/ip_config_ogbn-products_metis_n4_samp0_trainer1_30098895.txt --num_epochs 100 --batch_size 2000     --summary_filepath /global/homes/s/sark777/MassiveGNN/massivegnn_logs/ogbn-products/cpu_gloo/sage/pf_0.25/0_period_0.25_fraction_0_alpha/ogbn-products_metis_n4_samp0_trainer1_30098895.txt     --prefetch_fraction 0.25     --eviction_period 0     --alpha 0     --eviction False     --num_trainer_threads 64     --num_numba_threads 64     --hit_rate_flag true     --model sage
nid006994: Initializing DistDGL.
nid004395: Initializing DistDGL.
nid005576: Initializing DistDGL.
nid004943: Initializing DistDGL.
Client [1936112] waits on 10.249.5.219:34345
Client [887254] waits on 10.249.10.166:50677
Client [105506] waits on 10.249.2.101:56653
Machine (0) group (0) client (1) connect to server successfuly!
Client [1595876] waits on 10.249.21.187:50913
Machine (3) group (0) client (2) connect to server successfuly!
Machine (2) group (0) client (0) connect to server successfuly!
Machine (1) group (0) client (3) connect to server successfuly!
nid006994: Initializing PyTorch process group.
nid004943: Initializing PyTorch process group.
nid004395: Initializing PyTorch process group.
nid005576: Initializing PyTorch process group.
Local rank: 0
CPU affinity of process 105506 rank 0: {0, 1, 2, 3, 4, 5, 6, 7, 8, 9, 10, 11, 12, 13, 14, 15, 16, 17, 18, 19, 20, 21, 22, 23, 24, 25, 26, 27, 28, 29, 30, 31, 128, 132, 133, 134, 154, 156, 157, 158, 135, 159, 136, 137, 129, 138, 153, 139, 155, 140, 141, 142, 130, 143, 144, 145, 146, 147, 131, 148, 149, 150, 151, 152}
nid004395: Initializing DistGraph.
Local rank: 0
Local rank: 0
CPU affinity of process 1595876 rank 0: {0, 1, 2, 3, 4, 5, 6, 7, 8, 9, 10, 11, 12, 13, 14, 15, 16, 17, 18, 19, 20, 21, 22, 23, 24, 25, 26, 27, 28, 29, 30, 31, 128, 132, 133, 134, 154, 156, 157, 158, 135, 159, 136, 137, 129, 138, 153, 139, 155, 140, 141, 142, 130, 143, 144, 145, 146, 147, 131, 148, 149, 150, 151, 152}
nid006994: Initializing DistGraph.
Local rank: 0
CPU affinity of process 1936112 rank 0: {0, 1, 2, 3, 4, 5, 6, 7, 8, 9, 10, 11, 12, 13, 14, 15, 16, 17, 18, 19, 20, 21, 22, 23, 24, 25, 26, 27, 28, 29, 30, 31, 128, 132, 133, 134, 154, 156, 157, 158, 135, 159, 136, 137, 129, 138, 153, 139, 155, 140, 141, 142, 130, 143, 144, 145, 146, 147, 131, 148, 149, 150, 151, 152}
nid004943: Initializing DistGraph.
CPU affinity of process 887254 rank 0: {0, 1, 2, 3, 4, 5, 6, 7, 8, 9, 10, 11, 12, 13, 14, 15, 16, 17, 18, 19, 20, 21, 22, 23, 24, 25, 26, 27, 28, 29, 30, 31, 128, 132, 133, 134, 154, 156, 157, 158, 135, 159, 136, 137, 129, 138, 153, 139, 155, 140, 141, 142, 130, 143, 144, 145, 146, 147, 131, 148, 149, 150, 151, 152}
nid005576: Initializing DistGraph.
Graph Obj g.ndata: {'features': 'DistTensor(shape=(2449029, 100), dtype=torch.float32)', 'labels': 'DistTensor(shape=(2449029,), dtype=torch.int64)', 'val_mask': 'DistTensor(shape=(2449029,), dtype=torch.uint8)', 'test_mask': 'DistTensor(shape=(2449029,), dtype=torch.uint8)', 'train_mask': 'DistTensor(shape=(2449029,), dtype=torch.uint8)'}
Partition book metadata of nid004395 [{'machine_id': 0, 'num_nodes': 630098, 'num_edges': 30879505}, {'machine_id': 1, 'num_nodes': 577134, 'num_edges': 30431981}, {'machine_id': 2, 'num_nodes': 630564, 'num_edges': 31502861}, {'machine_id': 3, 'num_nodes': 611233, 'num_edges': 30903805}]
Graph Obj g.ndata: {'features': 'DistTensor(shape=(2449029, 100), dtype=torch.float32)', 'val_mask': 'DistTensor(shape=(2449029,), dtype=torch.uint8)', 'labels': 'DistTensor(shape=(2449029,), dtype=torch.int64)', 'train_mask': 'DistTensor(shape=(2449029,), dtype=torch.uint8)', 'test_mask': 'DistTensor(shape=(2449029,), dtype=torch.uint8)'}
Partition book metadata of nid004943 [{'machine_id': 0, 'num_nodes': 630098, 'num_edges': 30879505}, {'machine_id': 1, 'num_nodes': 577134, 'num_edges': 30431981}, {'machine_id': 2, 'num_nodes': 630564, 'num_edges': 31502861}, {'machine_id': 3, 'num_nodes': 611233, 'num_edges': 30903805}]
Graph Obj g.ndata: {'test_mask': 'DistTensor(shape=(2449029,), dtype=torch.uint8)', 'labels': 'DistTensor(shape=(2449029,), dtype=torch.int64)', 'train_mask': 'DistTensor(shape=(2449029,), dtype=torch.uint8)', 'features': 'DistTensor(shape=(2449029, 100), dtype=torch.float32)', 'val_mask': 'DistTensor(shape=(2449029,), dtype=torch.uint8)'}
Partition book metadata of nid005576 [{'machine_id': 0, 'num_nodes': 630098, 'num_edges': 30879505}, {'machine_id': 1, 'num_nodes': 577134, 'num_edges': 30431981}, {'machine_id': 2, 'num_nodes': 630564, 'num_edges': 31502861}, {'machine_id': 3, 'num_nodes': 611233, 'num_edges': 30903805}]
Graph Obj g.ndata: {'labels': 'DistTensor(shape=(2449029,), dtype=torch.int64)', 'test_mask': 'DistTensor(shape=(2449029,), dtype=torch.uint8)', 'features': 'DistTensor(shape=(2449029, 100), dtype=torch.float32)', 'train_mask': 'DistTensor(shape=(2449029,), dtype=torch.uint8)', 'val_mask': 'DistTensor(shape=(2449029,), dtype=torch.uint8)'}
Partition book metadata of nid006994 [{'machine_id': 0, 'num_nodes': 630098, 'num_edges': 30879505}, {'machine_id': 1, 'num_nodes': 577134, 'num_edges': 30431981}, {'machine_id': 2, 'num_nodes': 630564, 'num_edges': 31502861}, {'machine_id': 3, 'num_nodes': 611233, 'num_edges': 30903805}]
part 0, train: 49154 (local: 49154), val: 9831 (local: 9392), test: 553273 (local: 553273)
Using CPU.
part 3, train: 49153 (local: 48872), val: 9830 (local: 9830), test: 553272 (local: 552217)
Using CPU.
part 2, train: 49154 (local: 49154), val: 9831 (local: 9517), test: 553273 (local: 553273)
Using CPU.
part 1, train: 49154 (local: 46979), val: 9831 (local: 8960), test: 553273 (local: 520756)
Using CPU.
part 0 Number of remote nodes: 327690
Initializing Prefetch with fraction 0.25 and eviction period 0
Eviction:  False
No eviction
Total mini batches: 2500
Rank 0 Trainer and Prefetcher Initialized.
part 3 Number of remote nodes: 358418
Initializing Prefetch with fraction 0.25 and eviction period 0
part 2 Number of remote nodes: 390779
Initializing Prefetch with fraction 0.25 and eviction period 0
part 1 Number of remote nodes: 332259
Initializing Prefetch with fraction 0.25 and eviction period 0
Eviction:  False
No eviction
Total mini batches: 2500
Rank 3 Trainer and Prefetcher Initialized.
Eviction:  False
No eviction
Total mini batches: 2500
Rank 2 Trainer and Prefetcher Initialized.
Eviction:  False
No eviction
Total mini batches: 2500
Rank 1 Trainer and Prefetcher Initialized.
Part 1 | Epoch 00001 | Step 00019 | Loss 3.4074 | Train Acc 0.1455 | Speed (samples/sec) 2305.0438 | GPU 0.0 MB | Mean step time 1.161s
Part 2 | Epoch 00001 | Step 00019 | Loss 3.0067 | Train Acc 0.2835 | Speed (samples/sec) 2304.8880 | GPU 0.0 MB | Mean step time 1.161s
Part 3 | Epoch 00001 | Step 00019 | Loss 3.6881 | Train Acc 0.1340 | Speed (samples/sec) 2305.0114 | GPU 0.0 MB | Mean step time 1.161s
Part 0 | Epoch 00001 | Step 00019 | Loss 3.4686 | Train Acc 0.1885 | Speed (samples/sec) 2305.1660 | GPU 0.0 MB | Mean step time 1.161s
Part 0, epoch: 1, Epoch Time(s): 27.0966,  next_minibatch_process_time: 3.7135, next_minibatch_fetch_time: 4.3009, submit_task_time: 0.0000, take_from_queue: 0.0010, next_minibatch_total_time: 8.2485, next_minibatch_wait_time: 0.0004, sample+data_copy: 4.3009, forward: 5.3394, backward: 15.2370, update: 0.0545,  #seeds: 49154, #inputs: 5090921, 
Part 3, epoch: 1, Epoch Time(s): 27.0966,  next_minibatch_process_time: 3.3174, next_minibatch_fetch_time: 4.0939, submit_task_time: 0.0000, take_from_queue: 0.0003, next_minibatch_total_time: 7.5927, next_minibatch_wait_time: 0.0005, sample+data_copy: 4.0939, forward: 5.3176, backward: 15.7119, update: 0.0520,  #seeds: 49153, #inputs: 5622146, 
Part 1, epoch: 1, Epoch Time(s): 27.0966,  next_minibatch_process_time: 4.6255, next_minibatch_fetch_time: 4.6950, submit_task_time: 0.0000, take_from_queue: 0.0004, next_minibatch_total_time: 9.5639, next_minibatch_wait_time: 0.0005, sample+data_copy: 4.6950, forward: 5.3894, backward: 15.6722, update: 0.0528,  #seeds: 49154, #inputs: 5841263, 
Part 2, epoch: 1, Epoch Time(s): 27.1009,  next_minibatch_process_time: 4.0035, next_minibatch_fetch_time: 4.2536, submit_task_time: 0.0000, take_from_queue: 0.0004, next_minibatch_total_time: 8.4391, next_minibatch_wait_time: 0.0005, sample+data_copy: 4.2536, forward: 5.4850, backward: 15.5772, update: 0.0525,  #seeds: 49154, #inputs: 5753637, 
Part 0 | Epoch 00002 | Step 00019 | Loss 2.2825 | Train Acc 0.4320 | Speed (samples/sec) 1566.1078 | GPU 0.0 MB | Mean step time 1.281s
Part 3 | Epoch 00002 | Step 00019 | Loss 2.3361 | Train Acc 0.4290 | Speed (samples/sec) 1566.5553 | GPU 0.0 MB | Mean step time 1.281s
Part 2 | Epoch 00002 | Step 00019 | Loss 1.7724 | Train Acc 0.6140 | Speed (samples/sec) 1566.5012 | GPU 0.0 MB | Mean step time 1.281s
Part 1 | Epoch 00002 | Step 00019 | Loss 2.5511 | Train Acc 0.3025 | Speed (samples/sec) 1578.2868 | GPU 0.0 MB | Mean step time 1.272s
Part 0, epoch: 2, Epoch Time(s): 31.5430,  next_minibatch_process_time: 7.6015, next_minibatch_fetch_time: 18.4272, submit_task_time: 0.0000, take_from_queue: 0.0004, next_minibatch_total_time: 26.5063, next_minibatch_wait_time: 0.0004, sample+data_copy: 18.4272, forward: 11.4550, backward: 20.0000, update: 0.0159,  #seeds: 49154, #inputs: 5098991, 
Part 3, epoch: 2, Epoch Time(s): 31.5430,  next_minibatch_process_time: 6.6122, next_minibatch_fetch_time: 20.5985, submit_task_time: 0.0000, take_from_queue: 0.0004, next_minibatch_total_time: 27.7083, next_minibatch_wait_time: 0.0219, sample+data_copy: 20.5985, forward: 10.2999, backward: 21.1332, update: 0.0159,  #seeds: 49153, #inputs: 5623282, 
Part 2, epoch: 2, Epoch Time(s): 31.5387,  next_minibatch_process_time: 8.2247, next_minibatch_fetch_time: 18.9836, submit_task_time: 0.0000, take_from_queue: 0.0004, next_minibatch_total_time: 27.7397, next_minibatch_wait_time: 0.0052, sample+data_copy: 18.9836, forward: 11.3144, backward: 20.1078, update: 0.0168,  #seeds: 49154, #inputs: 5741581, 
Part 1, epoch: 2, Epoch Time(s): 31.5435,  next_minibatch_process_time: 7.8291, next_minibatch_fetch_time: 21.3581, submit_task_time: 0.0000, take_from_queue: 0.0006, next_minibatch_total_time: 29.7931, next_minibatch_wait_time: 0.2285, sample+data_copy: 21.3581, forward: 11.8651, backward: 19.3238, update: 0.0177,  #seeds: 49154, #inputs: 5842614, 
Part 0 | Epoch 00003 | Step 00019 | Loss 1.5500 | Train Acc 0.5990 | Speed (samples/sec) 1579.8553 | GPU 0.0 MB | Mean step time 1.269s
Part 1 | Epoch 00003 | Step 00019 | Loss 1.9856 | Train Acc 0.4500 | Speed (samples/sec) 1603.0750 | GPU 0.0 MB | Mean step time 1.249s
Part 3 | Epoch 00003 | Step 00019 | Loss 1.6716 | Train Acc 0.5865 | Speed (samples/sec) 1579.0084 | GPU 0.0 MB | Mean step time 1.269s
Part 2 | Epoch 00003 | Step 00019 | Loss 1.4156 | Train Acc 0.6755 | Speed (samples/sec) 1578.9490 | GPU 0.0 MB | Mean step time 1.269s
Part 0, epoch: 3, Epoch Time(s): 31.1806,  next_minibatch_process_time: 6.4306, next_minibatch_fetch_time: 18.5731, submit_task_time: 0.0001, take_from_queue: 0.0004, next_minibatch_total_time: 25.4264, next_minibatch_wait_time: 0.0197, sample+data_copy: 18.5731, forward: 10.2807, backward: 20.7125, update: 0.0165,  #seeds: 49154, #inputs: 5101400, 
Part 2, epoch: 3, Epoch Time(s): 31.1806,  next_minibatch_process_time: 7.9065, next_minibatch_fetch_time: 18.9560, submit_task_time: 0.0001, take_from_queue: 0.0005, next_minibatch_total_time: 27.4317, next_minibatch_wait_time: 0.0537, sample+data_copy: 18.9560, forward: 11.1919, backward: 19.8077, update: 0.0162,  #seeds: 49154, #inputs: 5746076, 
Part 3, epoch: 3, Epoch Time(s): 31.1807,  next_minibatch_process_time: 6.7050, next_minibatch_fetch_time: 20.5801, submit_task_time: 0.0000, take_from_queue: 0.0004, next_minibatch_total_time: 27.8210, next_minibatch_wait_time: 0.0094, sample+data_copy: 20.5801, forward: 10.1942, backward: 20.7093, update: 0.0161,  #seeds: 49153, #inputs: 5625242, 
Part 1, epoch: 3, Epoch Time(s): 31.1802,  next_minibatch_process_time: 7.4918, next_minibatch_fetch_time: 21.4808, submit_task_time: 0.0000, take_from_queue: 0.0004, next_minibatch_total_time: 29.4936, next_minibatch_wait_time: 0.4742, sample+data_copy: 21.4808, forward: 11.6120, backward: 19.0141, update: 0.0164,  #seeds: 49154, #inputs: 5838003, 
Part 2 | Epoch 00004 | Step 00019 | Loss 1.0748 | Train Acc 0.7495 | Speed (samples/sec) 1561.9107 | GPU 0.0 MB | Mean step time 1.283s
Part 0 | Epoch 00004 | Step 00019 | Loss 1.2917 | Train Acc 0.6780 | Speed (samples/sec) 1562.0853 | GPU 0.0 MB | Mean step time 1.283s
Part 1 | Epoch 00004 | Step 00019 | Loss 1.6794 | Train Acc 0.5775 | Speed (samples/sec) 1584.5084 | GPU 0.0 MB | Mean step time 1.265s
Part 3 | Epoch 00004 | Step 00019 | Loss 1.2307 | Train Acc 0.7195 | Speed (samples/sec) 1566.4509 | GPU 0.0 MB | Mean step time 1.279s
Part 0, epoch: 4, Epoch Time(s): 31.7954,  next_minibatch_process_time: 6.7672, next_minibatch_fetch_time: 19.2207, submit_task_time: 0.0001, take_from_queue: 0.0004, next_minibatch_total_time: 26.4761, next_minibatch_wait_time: 0.0053, sample+data_copy: 19.2207, forward: 10.8823, backward: 20.7013, update: 0.0165,  #seeds: 49154, #inputs: 5099900, 
Part 3, epoch: 4, Epoch Time(s): 31.7953,  next_minibatch_process_time: 6.8525, next_minibatch_fetch_time: 20.7402, submit_task_time: 0.0000, take_from_queue: 0.0003, next_minibatch_total_time: 28.1892, next_minibatch_wait_time: 0.0776, sample+data_copy: 20.7402, forward: 11.3466, backward: 20.2590, update: 0.0167,  #seeds: 49153, #inputs: 5626550, 
Part 2, epoch: 4, Epoch Time(s): 31.7954,  next_minibatch_process_time: 8.3797, next_minibatch_fetch_time: 18.9159, submit_task_time: 0.0001, take_from_queue: 0.0004, next_minibatch_total_time: 27.8775, next_minibatch_wait_time: 0.0027, sample+data_copy: 18.9159, forward: 11.8693, backward: 19.7180, update: 0.0164,  #seeds: 49154, #inputs: 5743887, 
Part 1, epoch: 4, Epoch Time(s): 31.7952,  next_minibatch_process_time: 8.0447, next_minibatch_fetch_time: 20.9851, submit_task_time: 0.0000, take_from_queue: 0.0005, next_minibatch_total_time: 29.5741, next_minibatch_wait_time: 0.3922, sample+data_copy: 20.9851, forward: 11.6862, backward: 19.5353, update: 0.0192,  #seeds: 49154, #inputs: 5850924, 
Part 0 | Epoch 00005 | Step 00019 | Loss 1.1010 | Train Acc 0.7215 | Speed (samples/sec) 1559.7575 | GPU 0.0 MB | Mean step time 1.284sPart 2 | Epoch 00005 | Step 00019 | Loss 0.9971 | Train Acc 0.7635 | Speed (samples/sec) 1559.7012 | GPU 0.0 MB | Mean step time 1.284s
Part 3 | Epoch 00005 | Step 00019 | Loss 0.8845 | Train Acc 0.7975 | Speed (samples/sec) 1559.7430 | GPU 0.0 MB | Mean step time 1.284s

Part 1 | Epoch 00005 | Step 00019 | Loss 1.2922 | Train Acc 0.6690 | Speed (samples/sec) 1563.3768 | GPU 0.0 MB | Mean step time 1.281s
Part 0, epoch: 5, Epoch Time(s): 31.7550,  next_minibatch_process_time: 7.9468, next_minibatch_fetch_time: 18.7736, submit_task_time: 0.0000, take_from_queue: 0.0004, next_minibatch_total_time: 27.2708, next_minibatch_wait_time: 0.0046, sample+data_copy: 18.7736, forward: 11.8811, backward: 19.6902, update: 0.0164,  #seeds: 49154, #inputs: 5106361, 
Part 2, epoch: 5, Epoch Time(s): 31.7550,  next_minibatch_process_time: 8.4115, next_minibatch_fetch_time: 18.2718, submit_task_time: 0.0001, take_from_queue: 0.0004, next_minibatch_total_time: 27.2169, next_minibatch_wait_time: 0.0005, sample+data_copy: 18.2718, forward: 11.9697, backward: 19.6189, update: 0.0157,  #seeds: 49154, #inputs: 5746903, 
Part 3, epoch: 5, Epoch Time(s): 31.7552,  next_minibatch_process_time: 6.2203, next_minibatch_fetch_time: 20.0752, submit_task_time: 0.0000, take_from_queue: 0.0004, next_minibatch_total_time: 26.7463, next_minibatch_wait_time: 0.0004, sample+data_copy: 20.0752, forward: 10.3910, backward: 21.1972, update: 0.0166,  #seeds: 49153, #inputs: 5623373, 
Part 1, epoch: 5, Epoch Time(s): 31.7549,  next_minibatch_process_time: 7.8290, next_minibatch_fetch_time: 20.7921, submit_task_time: 0.0000, take_from_queue: 0.0005, next_minibatch_total_time: 29.1894, next_minibatch_wait_time: 0.1382, sample+data_copy: 20.7921, forward: 11.4909, backward: 20.0177, update: 0.0154,  #seeds: 49154, #inputs: 5846769, 
|V|=2449029, inference batch size: 100000
|V|=2449029, inference batch size: 100000
|V|=2449029, inference batch size: 100000
|V|=2449029, inference batch size: 100000
|V|=2449029, inference batch size: 100000
|V|=2449029, inference batch size: 100000
|V|=2449029, inference batch size: 100000
|V|=2449029, inference batch size: 100000
Part 1, Val Acc 0.7291, Test Acc 0.5533, time: 8.7571
Part 3, Val Acc 0.8372, Test Acc 0.6929, time: 8.7630
Part 2, Val Acc 0.8189, Test Acc 0.6427, time: 8.7650
Part 0, Val Acc 0.7570, Test Acc 0.5266, time: 8.7660
Part 3 | Epoch 00006 | Step 00019 | Loss 0.7204 | Train Acc 0.8360 | Speed (samples/sec) 1586.3576 | GPU 0.0 MB | Mean step time 1.262s
Part 0 | Epoch 00006 | Step 00019 | Loss 1.0021 | Train Acc 0.7420 | Speed (samples/sec) 1587.7895 | GPU 0.0 MB | Mean step time 1.261s
Part 2 | Epoch 00006 | Step 00019 | Loss 0.8078 | Train Acc 0.7975 | Speed (samples/sec) 1586.4698 | GPU 0.0 MB | Mean step time 1.262s
Part 1 | Epoch 00006 | Step 00019 | Loss 1.1889 | Train Acc 0.7010 | Speed (samples/sec) 1593.0383 | GPU 0.0 MB | Mean step time 1.257s
Part 0, epoch: 6, Epoch Time(s): 31.2020,  next_minibatch_process_time: 8.2792, next_minibatch_fetch_time: 18.9906, submit_task_time: 0.0000, take_from_queue: 0.0003, next_minibatch_total_time: 27.8325, next_minibatch_wait_time: 0.0209, sample+data_copy: 18.9906, forward: 12.1707, backward: 18.8963, update: 0.0166,  #seeds: 49154, #inputs: 5100270, 
Part 1, epoch: 6, Epoch Time(s): 31.2109,  next_minibatch_process_time: 7.9243, next_minibatch_fetch_time: 20.2075, submit_task_time: 0.0000, take_from_queue: 0.0004, next_minibatch_total_time: 28.6938, next_minibatch_wait_time: 0.1139, sample+data_copy: 20.2075, forward: 11.3933, backward: 19.5851, update: 0.0154,  #seeds: 49154, #inputs: 5845785, 
Part 3, epoch: 6, Epoch Time(s): 31.2051,  next_minibatch_process_time: 5.9279, next_minibatch_fetch_time: 19.7963, submit_task_time: 0.0000, take_from_queue: 0.0004, next_minibatch_total_time: 26.1874, next_minibatch_wait_time: 0.0004, sample+data_copy: 19.7963, forward: 9.8643, backward: 21.2501, update: 0.0158,  #seeds: 49153, #inputs: 5621737, 
Part 2, epoch: 6, Epoch Time(s): 31.2030,  next_minibatch_process_time: 7.2444, next_minibatch_fetch_time: 18.2246, submit_task_time: 0.0001, take_from_queue: 0.0005, next_minibatch_total_time: 25.9285, next_minibatch_wait_time: 0.0049, sample+data_copy: 18.2246, forward: 9.7026, backward: 21.4047, update: 0.0159,  #seeds: 49154, #inputs: 5740697, 
Part 1 | Epoch 00007 | Step 00019 | Loss 1.0323 | Train Acc 0.7340 | Speed (samples/sec) 1573.9395 | GPU 0.0 MB | Mean step time 1.273s
Part 2 | Epoch 00007 | Step 00019 | Loss 0.7384 | Train Acc 0.8285 | Speed (samples/sec) 1570.6487 | GPU 0.0 MB | Mean step time 1.275s
Part 3 | Epoch 00007 | Step 00019 | Loss 0.6691 | Train Acc 0.8485 | Speed (samples/sec) 1572.6810 | GPU 0.0 MB | Mean step time 1.274s
Part 0 | Epoch 00007 | Step 00019 | Loss 0.8805 | Train Acc 0.7710 | Speed (samples/sec) 1570.6068 | GPU 0.0 MB | Mean step time 1.275s
Part 0, epoch: 7, Epoch Time(s): 31.3028,  next_minibatch_process_time: 7.4577, next_minibatch_fetch_time: 18.3983, submit_task_time: 0.0001, take_from_queue: 0.0004, next_minibatch_total_time: 26.3542, next_minibatch_wait_time: 0.0004, sample+data_copy: 18.3983, forward: 11.5187, backward: 19.6828, update: 0.0166,  #seeds: 49154, #inputs: 5108268, 
Part 3, epoch: 7, Epoch Time(s): 31.3026,  next_minibatch_process_time: 7.4813, next_minibatch_fetch_time: 20.1018, submit_task_time: 0.0000, take_from_queue: 0.0004, next_minibatch_total_time: 28.1240, next_minibatch_wait_time: 0.0562, sample+data_copy: 20.1018, forward: 10.9197, backward: 20.2459, update: 0.0152,  #seeds: 49153, #inputs: 5631136, 
Part 1, epoch: 7, Epoch Time(s): 31.3027,  next_minibatch_process_time: 7.4329, next_minibatch_fetch_time: 19.9673, submit_task_time: 0.0000, take_from_queue: 0.0004, next_minibatch_total_time: 27.9495, next_minibatch_wait_time: 0.0566, sample+data_copy: 19.9673, forward: 10.6534, backward: 20.5030, update: 0.0165,  #seeds: 49154, #inputs: 5841335, 
Part 2, epoch: 7, Epoch Time(s): 31.3028,  next_minibatch_process_time: 7.7951, next_minibatch_fetch_time: 18.4283, submit_task_time: 0.0001, take_from_queue: 0.0004, next_minibatch_total_time: 26.7420, next_minibatch_wait_time: 0.0010, sample+data_copy: 18.4283, forward: 10.7685, backward: 20.4310, update: 0.0156,  #seeds: 49154, #inputs: 5739243, 
Part 3 | Epoch 00008 | Step 00019 | Loss 0.6169 | Train Acc 0.8490 | Speed (samples/sec) 1563.2903 | GPU 0.0 MB | Mean step time 1.281s
Part 2 | Epoch 00008 | Step 00019 | Loss 0.6955 | Train Acc 0.8390 | Speed (samples/sec) 1563.3027 | GPU 0.0 MB | Mean step time 1.281s
Part 1 | Epoch 00008 | Step 00019 | Loss 1.0102 | Train Acc 0.7510 | Speed (samples/sec) 1563.3697 | GPU 0.0 MB | Mean step time 1.281s
Part 0 | Epoch 00008 | Step 00019 | Loss 0.8174 | Train Acc 0.7890 | Speed (samples/sec) 1563.2993 | GPU 0.0 MB | Mean step time 1.281s
Part 0, epoch: 8, Epoch Time(s): 31.8501,  next_minibatch_process_time: 7.6448, next_minibatch_fetch_time: 18.9527, submit_task_time: 0.0001, take_from_queue: 0.0005, next_minibatch_total_time: 27.1432, next_minibatch_wait_time: 0.0004, sample+data_copy: 18.9527, forward: 11.9427, backward: 19.7511, update: 0.0162,  #seeds: 49154, #inputs: 5099457, 
Part 3, epoch: 8, Epoch Time(s): 31.8502,  next_minibatch_process_time: 6.4454, next_minibatch_fetch_time: 19.5876, submit_task_time: 0.0000, take_from_queue: 0.0004, next_minibatch_total_time: 26.5375, next_minibatch_wait_time: 0.0005, sample+data_copy: 19.5876, forward: 9.5373, backward: 22.1537, update: 0.0157,  #seeds: 49153, #inputs: 5619614, 
Part 2, epoch: 8, Epoch Time(s): 31.8500,  next_minibatch_process_time: 8.1969, next_minibatch_fetch_time: 18.7997, submit_task_time: 0.0001, take_from_queue: 0.0004, next_minibatch_total_time: 27.5931, next_minibatch_wait_time: 0.0036, sample+data_copy: 18.7997, forward: 12.4063, backward: 19.2821, update: 0.0159,  #seeds: 49154, #inputs: 5743519, 
Part 1, epoch: 8, Epoch Time(s): 31.8503,  next_minibatch_process_time: 8.4054, next_minibatch_fetch_time: 20.1003, submit_task_time: 0.0000, take_from_queue: 0.0005, next_minibatch_total_time: 29.0041, next_minibatch_wait_time: 0.1539, sample+data_copy: 20.1003, forward: 11.5930, backward: 19.9987, update: 0.0149,  #seeds: 49154, #inputs: 5839424, 
Part 3 | Epoch 00009 | Step 00019 | Loss 0.5595 | Train Acc 0.8635 | Speed (samples/sec) 1588.1036 | GPU 0.0 MB | Mean step time 1.260s
Part 1 | Epoch 00009 | Step 00019 | Loss 0.9750 | Train Acc 0.7430 | Speed (samples/sec) 1598.6643 | GPU 0.0 MB | Mean step time 1.252s
Part 2 | Epoch 00009 | Step 00019 | Loss 0.6289 | Train Acc 0.8490 | Speed (samples/sec) 1588.0794 | GPU 0.0 MB | Mean step time 1.260s
Part 0 | Epoch 00009 | Step 00019 | Loss 0.8159 | Train Acc 0.7985 | Speed (samples/sec) 1588.0806 | GPU 0.0 MB | Mean step time 1.260s
Part 0, epoch: 9, Epoch Time(s): 31.0156,  next_minibatch_process_time: 7.8752, next_minibatch_fetch_time: 18.4267, submit_task_time: 0.0000, take_from_queue: 0.0003, next_minibatch_total_time: 26.8514, next_minibatch_wait_time: 0.0004, sample+data_copy: 18.4267, forward: 11.6083, backward: 19.2171, update: 0.0164,  #seeds: 49154, #inputs: 5100683, 
Part 3, epoch: 9, Epoch Time(s): 31.0155,  next_minibatch_process_time: 6.8131, next_minibatch_fetch_time: 19.9767, submit_task_time: 0.0001, take_from_queue: 0.0004, next_minibatch_total_time: 27.2831, next_minibatch_wait_time: 0.0004, sample+data_copy: 19.9767, forward: 10.0904, backward: 20.7563, update: 0.0156,  #seeds: 49153, #inputs: 5627919, 
Part 2, epoch: 9, Epoch Time(s): 31.0156,  next_minibatch_process_time: 8.2106, next_minibatch_fetch_time: 18.6427, submit_task_time: 0.0000, take_from_queue: 0.0004, next_minibatch_total_time: 27.3620, next_minibatch_wait_time: 0.0004, sample+data_copy: 18.6427, forward: 12.1645, backward: 18.6841, update: 0.0158,  #seeds: 49154, #inputs: 5747460, 
Part 1, epoch: 9, Epoch Time(s): 31.0156,  next_minibatch_process_time: 7.5805, next_minibatch_fetch_time: 20.2479, submit_task_time: 0.0000, take_from_queue: 0.0005, next_minibatch_total_time: 28.3701, next_minibatch_wait_time: 0.2326, sample+data_copy: 20.2479, forward: 11.2880, backward: 19.3734, update: 0.0157,  #seeds: 49154, #inputs: 5844682, 
Part 1 | Epoch 00010 | Step 00019 | Loss 0.9062 | Train Acc 0.7565 | Speed (samples/sec) 1561.8440 | GPU 0.0 MB | Mean step time 1.282s
Part 2 | Epoch 00010 | Step 00019 | Loss 0.6071 | Train Acc 0.8475 | Speed (samples/sec) 1561.0577 | GPU 0.0 MB | Mean step time 1.283s
Part 3 | Epoch 00010 | Step 00019 | Loss 0.5713 | Train Acc 0.8595 | Speed (samples/sec) 1561.0662 | GPU 0.0 MB | Mean step time 1.283s
Part 0 | Epoch 00010 | Step 00019 | Loss 0.7867 | Train Acc 0.8040 | Speed (samples/sec) 1561.0335 | GPU 0.0 MB | Mean step time 1.283s
Part 0, epoch: 10, Epoch Time(s): 31.6690,  next_minibatch_process_time: 7.8222, next_minibatch_fetch_time: 18.6001, submit_task_time: 0.0000, take_from_queue: 0.0004, next_minibatch_total_time: 26.9810, next_minibatch_wait_time: 0.0004, sample+data_copy: 18.6001, forward: 11.9229, backward: 19.6360, update: 0.0153,  #seeds: 49154, #inputs: 5102824, 
Part 3, epoch: 10, Epoch Time(s): 31.6689,  next_minibatch_process_time: 6.6727, next_minibatch_fetch_time: 19.9169, submit_task_time: 0.0000, take_from_queue: 0.0004, next_minibatch_total_time: 27.0889, next_minibatch_wait_time: 0.0005, sample+data_copy: 19.9169, forward: 10.2718, backward: 21.2994, update: 0.0153,  #seeds: 49153, #inputs: 5626528, 
Part 2, epoch: 10, Epoch Time(s): 31.6690,  next_minibatch_process_time: 8.5375, next_minibatch_fetch_time: 17.8903, submit_task_time: 0.0001, take_from_queue: 0.0005, next_minibatch_total_time: 27.0263, next_minibatch_wait_time: 0.0005, sample+data_copy: 17.8903, forward: 11.3210, backward: 20.2553, update: 0.0158,  #seeds: 49154, #inputs: 5746062, 
Part 1, epoch: 10, Epoch Time(s): 31.6690,  next_minibatch_process_time: 7.9642, next_minibatch_fetch_time: 20.3705, submit_task_time: 0.0000, take_from_queue: 0.0004, next_minibatch_total_time: 28.8645, next_minibatch_wait_time: 0.0131, sample+data_copy: 20.3705, forward: 11.9395, backward: 19.6184, update: 0.0151,  #seeds: 49154, #inputs: 5846107, 
|V|=2449029, inference batch size: 100000
|V|=2449029, inference batch size: 100000
|V|=2449029, inference batch size: 100000
|V|=2449029, inference batch size: 100000
|V|=2449029, inference batch size: 100000
|V|=2449029, inference batch size: 100000
|V|=2449029, inference batch size: 100000
|V|=2449029, inference batch size: 100000
Part 3, Val Acc 0.8778, Test Acc 0.7532, time: 8.5242
Part 1, Val Acc 0.7901, Test Acc 0.6126, time: 8.5252
Part 2, Val Acc 0.8719, Test Acc 0.7067, time: 8.5283
Part 0, Val Acc 0.8234, Test Acc 0.5778, time: 8.5306
Part 0 | Epoch 00011 | Step 00019 | Loss 0.6944 | Train Acc 0.8175 | Speed (samples/sec) 1564.1178 | GPU 0.0 MB | Mean step time 1.280s
Part 2 | Epoch 00011 | Step 00019 | Loss 0.5798 | Train Acc 0.8535 | Speed (samples/sec) 1563.9727 | GPU 0.0 MB | Mean step time 1.280s
Part 3 | Epoch 00011 | Step 00019 | Loss 0.4739 | Train Acc 0.8790 | Speed (samples/sec) 1563.7083 | GPU 0.0 MB | Mean step time 1.280s
Part 1 | Epoch 00011 | Step 00019 | Loss 0.8724 | Train Acc 0.7765 | Speed (samples/sec) 1563.7730 | GPU 0.0 MB | Mean step time 1.280s
Part 0, epoch: 11, Epoch Time(s): 31.7002,  next_minibatch_process_time: 7.8745, next_minibatch_fetch_time: 17.8788, submit_task_time: 0.0000, take_from_queue: 0.0004, next_minibatch_total_time: 26.2441, next_minibatch_wait_time: 0.0004, sample+data_copy: 17.8788, forward: 10.6668, backward: 20.9161, update: 0.0165,  #seeds: 49154, #inputs: 5105669, 
Part 3, epoch: 11, Epoch Time(s): 31.7067,  next_minibatch_process_time: 6.5999, next_minibatch_fetch_time: 20.1711, submit_task_time: 0.0000, take_from_queue: 0.0004, next_minibatch_total_time: 27.2738, next_minibatch_wait_time: 0.0005, sample+data_copy: 20.1711, forward: 10.0231, backward: 21.5659, update: 0.0157,  #seeds: 49153, #inputs: 5631140, 
Part 1, epoch: 11, Epoch Time(s): 31.7056,  next_minibatch_process_time: 8.4250, next_minibatch_fetch_time: 20.1150, submit_task_time: 0.0000, take_from_queue: 0.0005, next_minibatch_total_time: 29.0067, next_minibatch_wait_time: 0.0004, sample+data_copy: 20.1150, forward: 12.1226, backward: 19.4741, update: 0.0154,  #seeds: 49154, #inputs: 5843833, 
Part 2, epoch: 11, Epoch Time(s): 31.7026,  next_minibatch_process_time: 7.4915, next_minibatch_fetch_time: 18.0778, submit_task_time: 0.0000, take_from_queue: 0.0004, next_minibatch_total_time: 26.0359, next_minibatch_wait_time: 0.0004, sample+data_copy: 18.0778, forward: 10.3068, backward: 21.2699, update: 0.0161,  #seeds: 49154, #inputs: 5744407, 
Part 0 | Epoch 00012 | Step 00019 | Loss 0.7481 | Train Acc 0.8135 | Speed (samples/sec) 1585.8978 | GPU 0.0 MB | Mean step time 1.262s
Part 1 | Epoch 00012 | Step 00019 | Loss 0.8515 | Train Acc 0.7690 | Speed (samples/sec) 1586.6323 | GPU 0.0 MB | Mean step time 1.261s
Part 2 | Epoch 00012 | Step 00019 | Loss 0.5658 | Train Acc 0.8510 | Speed (samples/sec) 1585.9778 | GPU 0.0 MB | Mean step time 1.262s
Part 3 | Epoch 00012 | Step 00019 | Loss 0.5008 | Train Acc 0.8825 | Speed (samples/sec) 1585.8881 | GPU 0.0 MB | Mean step time 1.262s
Part 3, epoch: 12, Epoch Time(s): 31.2807,  next_minibatch_process_time: 7.0466, next_minibatch_fetch_time: 19.4954, submit_task_time: 0.0000, take_from_queue: 0.0004, next_minibatch_total_time: 26.9921, next_minibatch_wait_time: 0.0004, sample+data_copy: 19.4954, forward: 10.4226, backward: 20.7651, update: 0.0155,  #seeds: 49153, #inputs: 5622770, 
Part 0, epoch: 12, Epoch Time(s): 31.2808,  next_minibatch_process_time: 7.9303, next_minibatch_fetch_time: 18.4131, submit_task_time: 0.0001, take_from_queue: 0.0004, next_minibatch_total_time: 26.8494, next_minibatch_wait_time: 0.0004, sample+data_copy: 18.4131, forward: 12.0099, backward: 19.1618, update: 0.0163,  #seeds: 49154, #inputs: 5101496, 
Part 1, epoch: 12, Epoch Time(s): 31.2807,  next_minibatch_process_time: 8.3865, next_minibatch_fetch_time: 19.9441, submit_task_time: 0.0001, take_from_queue: 0.0004, next_minibatch_total_time: 28.8755, next_minibatch_wait_time: 0.0123, sample+data_copy: 19.9441, forward: 11.9164, backward: 19.2530, update: 0.0156,  #seeds: 49154, #inputs: 5845668, 
Part 2, epoch: 12, Epoch Time(s): 31.2808,  next_minibatch_process_time: 8.7457, next_minibatch_fetch_time: 18.7735, submit_task_time: 0.0001, take_from_queue: 0.0004, next_minibatch_total_time: 28.0496, next_minibatch_wait_time: 0.0004, sample+data_copy: 18.7735, forward: 11.5464, backward: 19.6377, update: 0.0155,  #seeds: 49154, #inputs: 5746302, 
Part 0 | Epoch 00013 | Step 00019 | Loss 0.6503 | Train Acc 0.8280 | Speed (samples/sec) 1574.4349 | GPU 0.0 MB | Mean step time 1.271sPart 1 | Epoch 00013 | Step 00019 | Loss 0.8704 | Train Acc 0.7725 | Speed (samples/sec) 1574.4296 | GPU 0.0 MB | Mean step time 1.271s

Part 2 | Epoch 00013 | Step 00019 | Loss 0.5584 | Train Acc 0.8580 | Speed (samples/sec) 1574.4207 | GPU 0.0 MB | Mean step time 1.271s
Part 3 | Epoch 00013 | Step 00019 | Loss 0.5105 | Train Acc 0.8730 | Speed (samples/sec) 1581.2725 | GPU 0.0 MB | Mean step time 1.266s
Part 0, epoch: 13, Epoch Time(s): 31.4964,  next_minibatch_process_time: 7.9702, next_minibatch_fetch_time: 18.3949, submit_task_time: 0.0000, take_from_queue: 0.0005, next_minibatch_total_time: 26.8933, next_minibatch_wait_time: 0.0004, sample+data_copy: 18.3949, forward: 12.1546, backward: 19.1911, update: 0.0160,  #seeds: 49154, #inputs: 5097931, 
Part 2, epoch: 13, Epoch Time(s): 31.4964,  next_minibatch_process_time: 8.0690, next_minibatch_fetch_time: 18.6679, submit_task_time: 0.0000, take_from_queue: 0.0005, next_minibatch_total_time: 27.2601, next_minibatch_wait_time: 0.0004, sample+data_copy: 18.6679, forward: 11.7702, backward: 19.5488, update: 0.0155,  #seeds: 49154, #inputs: 5747850, 
Part 3, epoch: 13, Epoch Time(s): 31.4966,  next_minibatch_process_time: 7.8672, next_minibatch_fetch_time: 20.8920, submit_task_time: 0.0000, take_from_queue: 0.0004, next_minibatch_total_time: 29.3639, next_minibatch_wait_time: 0.1527, sample+data_copy: 20.8920, forward: 12.1399, backward: 19.0689, update: 0.0151,  #seeds: 49153, #inputs: 5626507, 
Part 1, epoch: 13, Epoch Time(s): 31.4966,  next_minibatch_process_time: 8.1070, next_minibatch_fetch_time: 19.2858, submit_task_time: 0.0000, take_from_queue: 0.0004, next_minibatch_total_time: 27.8453, next_minibatch_wait_time: 0.0004, sample+data_copy: 19.2858, forward: 10.8399, backward: 20.5123, update: 0.0169,  #seeds: 49154, #inputs: 5841683, 
Part 1 | Epoch 00014 | Step 00019 | Loss 0.8816 | Train Acc 0.7890 | Speed (samples/sec) 1575.3808 | GPU 0.0 MB | Mean step time 1.270s
Part 0 | Epoch 00014 | Step 00019 | Loss 0.6891 | Train Acc 0.8110 | Speed (samples/sec) 1574.0628 | GPU 0.0 MB | Mean step time 1.271s
Part 2 | Epoch 00014 | Step 00019 | Loss 0.5278 | Train Acc 0.8660 | Speed (samples/sec) 1574.0813 | GPU 0.0 MB | Mean step time 1.271s
Part 3 | Epoch 00014 | Step 00019 | Loss 0.4740 | Train Acc 0.8885 | Speed (samples/sec) 1577.1075 | GPU 0.0 MB | Mean step time 1.269s
Part 0, epoch: 14, Epoch Time(s): 31.4828,  next_minibatch_process_time: 7.4187, next_minibatch_fetch_time: 18.6929, submit_task_time: 0.0000, take_from_queue: 0.0005, next_minibatch_total_time: 26.6304, next_minibatch_wait_time: 0.0004, sample+data_copy: 18.6929, forward: 12.1993, backward: 19.1591, update: 0.0160,  #seeds: 49154, #inputs: 5096543, 
Part 2, epoch: 14, Epoch Time(s): 31.4827,  next_minibatch_process_time: 7.9531, next_minibatch_fetch_time: 18.4274, submit_task_time: 0.0000, take_from_queue: 0.0006, next_minibatch_total_time: 26.8967, next_minibatch_wait_time: 0.0004, sample+data_copy: 18.4274, forward: 11.1923, backward: 20.1692, update: 0.0155,  #seeds: 49154, #inputs: 5742756, 
Part 1, epoch: 14, Epoch Time(s): 31.4826,  next_minibatch_process_time: 7.4815, next_minibatch_fetch_time: 20.1118, submit_task_time: 0.0001, take_from_queue: 0.0005, next_minibatch_total_time: 28.0842, next_minibatch_wait_time: 0.0219, sample+data_copy: 20.1118, forward: 10.1696, backward: 21.1848, update: 0.0159,  #seeds: 49154, #inputs: 5846351, 
Part 3, epoch: 14, Epoch Time(s): 31.4826,  next_minibatch_process_time: 7.8387, next_minibatch_fetch_time: 20.8741, submit_task_time: 0.0001, take_from_queue: 0.0004, next_minibatch_total_time: 29.2353, next_minibatch_wait_time: 0.1425, sample+data_copy: 20.8741, forward: 11.7171, backward: 19.5286, update: 0.0183,  #seeds: 49153, #inputs: 5623517, 
Part 3 | Epoch 00015 | Step 00019 | Loss 0.5134 | Train Acc 0.8780 | Speed (samples/sec) 1573.5565 | GPU 0.0 MB | Mean step time 1.272s
Part 2 | Epoch 00015 | Step 00019 | Loss 0.5239 | Train Acc 0.8650 | Speed (samples/sec) 1573.5660 | GPU 0.0 MB | Mean step time 1.272s
Part 0 | Epoch 00015 | Step 00019 | Loss 0.6235 | Train Acc 0.8420 | Speed (samples/sec) 1573.5584 | GPU 0.0 MB | Mean step time 1.272sPart 1 | Epoch 00015 | Step 00019 | Loss 0.7779 | Train Acc 0.8025 | Speed (samples/sec) 1576.5893 | GPU 0.0 MB | Mean step time 1.269s

Part 0, epoch: 15, Epoch Time(s): 31.4388,  next_minibatch_process_time: 7.9650, next_minibatch_fetch_time: 18.4245, submit_task_time: 0.0000, take_from_queue: 0.0004, next_minibatch_total_time: 26.9633, next_minibatch_wait_time: 0.0004, sample+data_copy: 18.4245, forward: 12.3827, backward: 18.9235, update: 0.0157,  #seeds: 49154, #inputs: 5103839, 
Part 3, epoch: 15, Epoch Time(s): 31.4389,  next_minibatch_process_time: 7.3332, next_minibatch_fetch_time: 20.9542, submit_task_time: 0.0001, take_from_queue: 0.0004, next_minibatch_total_time: 28.7746, next_minibatch_wait_time: 0.0263, sample+data_copy: 20.9542, forward: 11.4506, backward: 19.8473, update: 0.0151,  #seeds: 49153, #inputs: 5623717, 
Part 2, epoch: 15, Epoch Time(s): 31.4388,  next_minibatch_process_time: 7.9529, next_minibatch_fetch_time: 18.1355, submit_task_time: 0.0000, take_from_queue: 0.0004, next_minibatch_total_time: 26.6275, next_minibatch_wait_time: 0.0004, sample+data_copy: 18.1355, forward: 11.4315, backward: 19.8838, update: 0.0151,  #seeds: 49154, #inputs: 5749139, 
Part 1, epoch: 15, Epoch Time(s): 31.4389,  next_minibatch_process_time: 7.2325, next_minibatch_fetch_time: 20.6232, submit_task_time: 0.0001, take_from_queue: 0.0004, next_minibatch_total_time: 28.3438, next_minibatch_wait_time: 0.0487, sample+data_copy: 20.6232, forward: 10.7235, backward: 20.5284, update: 0.0161,  #seeds: 49154, #inputs: 5844240, 
|V|=2449029, inference batch size: 100000
|V|=2449029, inference batch size: 100000
|V|=2449029, inference batch size: 100000
|V|=2449029, inference batch size: 100000
|V|=2449029, inference batch size: 100000
|V|=2449029, inference batch size: 100000
|V|=2449029, inference batch size: 100000
|V|=2449029, inference batch size: 100000
Part 1, Val Acc 0.8078, Test Acc 0.6290, time: 8.4298
Part 3, Val Acc 0.8942, Test Acc 0.7773, time: 8.4322
Part 2, Val Acc 0.8871, Test Acc 0.7247, time: 8.4347
Part 0, Val Acc 0.8473, Test Acc 0.6003, time: 8.4384
Part 1 | Epoch 00016 | Step 00019 | Loss 0.7889 | Train Acc 0.7970 | Speed (samples/sec) 1562.5403 | GPU 0.0 MB | Mean step time 1.281s
Part 3 | Epoch 00016 | Step 00019 | Loss 0.4552 | Train Acc 0.8885 | Speed (samples/sec) 1565.2357 | GPU 0.0 MB | Mean step time 1.278s
Part 2 | Epoch 00016 | Step 00019 | Loss 0.4992 | Train Acc 0.8805 | Speed (samples/sec) 1561.8859 | GPU 0.0 MB | Mean step time 1.281s
Part 0 | Epoch 00016 | Step 00019 | Loss 0.6389 | Train Acc 0.8355 | Speed (samples/sec) 1562.0841 | GPU 0.0 MB | Mean step time 1.281s
Part 0, epoch: 16, Epoch Time(s): 31.5249,  next_minibatch_process_time: 7.6627, next_minibatch_fetch_time: 18.3970, submit_task_time: 0.0000, take_from_queue: 0.0004, next_minibatch_total_time: 26.5891, next_minibatch_wait_time: 0.0004, sample+data_copy: 18.3970, forward: 12.1735, backward: 19.2446, update: 0.0162,  #seeds: 49154, #inputs: 5100455, 
Part 3, epoch: 16, Epoch Time(s): 31.5310,  next_minibatch_process_time: 7.6103, next_minibatch_fetch_time: 20.5696, submit_task_time: 0.0001, take_from_queue: 0.0004, next_minibatch_total_time: 28.6675, next_minibatch_wait_time: 0.0599, sample+data_copy: 20.5696, forward: 11.7305, backward: 19.6235, update: 0.0161,  #seeds: 49153, #inputs: 5629264, 
Part 2, epoch: 16, Epoch Time(s): 31.5286,  next_minibatch_process_time: 7.9725, next_minibatch_fetch_time: 17.8690, submit_task_time: 0.0000, take_from_queue: 0.0004, next_minibatch_total_time: 26.3869, next_minibatch_wait_time: 0.0005, sample+data_copy: 17.8690, forward: 11.1282, backward: 20.2967, update: 0.0159,  #seeds: 49154, #inputs: 5745050, 
Part 1, epoch: 16, Epoch Time(s): 31.5352,  next_minibatch_process_time: 7.5816, next_minibatch_fetch_time: 20.2922, submit_task_time: 0.0000, take_from_queue: 0.0004, next_minibatch_total_time: 28.3978, next_minibatch_wait_time: 0.0165, sample+data_copy: 20.2922, forward: 11.6026, backward: 19.8054, update: 0.0161,  #seeds: 49154, #inputs: 5843231, 
